<?xml version="1.0" encoding="UTF-8"?>
<!-- Generated by org.testng.reporters.JUnitXMLReporter -->
<testsuite hostname="BUK30LAP4000491" ignored="0" name="Default test" tests="4" failures="0" timestamp="2020-08-30T19:22:02 EEST" time="20.565" errors="0">
  <testcase name="navigateHomePage" time="4.96" classname="net.metrosystems.demo.tests.AmazonPomTest"/>
  <testcase name="verifyLoginSuccessful" time="1.682" classname="net.metrosystems.demo.tests.AmazonPomTest"/>
  <testcase name="insertUsername" time="1.729" classname="net.metrosystems.demo.tests.AmazonPomTest"/>
  <testcase name="verifyProductPage" time="10.079" classname="net.metrosystems.demo.tests.AmazonPomTest"/>
</testsuite> <!-- Default test -->
