<?xml version="1.0" encoding="UTF-8"?>
<testng-results skipped="0" failed="0" ignored="0" total="4" passed="4">
  <reporter-output>
  </reporter-output>
  <suite name="Suite1" duration-ms="20959" started-at="2020-08-30T19:26:23 EEST" finished-at="2020-08-30T19:26:44 EEST">
    <groups>
    </groups>
    <test name="Nopackage" duration-ms="20959" started-at="2020-08-30T19:26:23 EEST" finished-at="2020-08-30T19:26:44 EEST">
      <class name="net.metrosystems.demo.tests.AmazonPomTest">
        <test-method status="PASS" signature="before()[pri:0, instance:net.metrosystems.demo.tests.AmazonPomTest@1f554b06]" name="before" is-config="true" duration-ms="2141" started-at="2020-08-30T19:26:23 EEST" finished-at="2020-08-30T19:26:25 EEST">
          <reporter-output>
          </reporter-output>
        </test-method> <!-- before -->
        <test-method status="PASS" signature="navigateHomePage()[pri:0, instance:net.metrosystems.demo.tests.AmazonPomTest@1f554b06]" name="navigateHomePage" duration-ms="5557" started-at="2020-08-30T19:26:25 EEST" finished-at="2020-08-30T19:26:31 EEST">
          <reporter-output>
          </reporter-output>
        </test-method> <!-- navigateHomePage -->
        <test-method status="PASS" signature="verifyLoginSuccessful()[pri:1, instance:net.metrosystems.demo.tests.AmazonPomTest@1f554b06]" name="verifyLoginSuccessful" duration-ms="1739" started-at="2020-08-30T19:26:31 EEST" finished-at="2020-08-30T19:26:32 EEST">
          <reporter-output>
          </reporter-output>
        </test-method> <!-- verifyLoginSuccessful -->
        <test-method status="PASS" signature="insertUsername()[pri:2, instance:net.metrosystems.demo.tests.AmazonPomTest@1f554b06]" name="insertUsername" duration-ms="1703" started-at="2020-08-30T19:26:32 EEST" finished-at="2020-08-30T19:26:34 EEST">
          <reporter-output>
          </reporter-output>
        </test-method> <!-- insertUsername -->
        <test-method status="PASS" signature="verifyProductPage()[pri:4, instance:net.metrosystems.demo.tests.AmazonPomTest@1f554b06]" name="verifyProductPage" duration-ms="9770" started-at="2020-08-30T19:26:34 EEST" finished-at="2020-08-30T19:26:44 EEST">
          <reporter-output>
          </reporter-output>
        </test-method> <!-- verifyProductPage -->
      </class> <!-- net.metrosystems.demo.tests.AmazonPomTest -->
    </test> <!-- Nopackage -->
  </suite> <!-- Suite1 -->
</testng-results>
